[error] 2016年7月20日17:05:29　/Form/Login.aspx   [127.0.0.1] [Mozilla/5.0 (Windows NT 10.0; WOW64; Trident/7.0; MASBJS; rv:11.0) like Gecko]
-> ファイル '/Form/Login.aspx' は存在しません。
   場所 System.Web.UI.Util.CheckVirtualFileExists(VirtualPath virtualPath)
   場所 System.Web.Compilation.BuildManager.GetVPathBuildResultInternal(VirtualPath virtualPath, Boolean noBuild, Boolean allowCrossApp, Boolean allowBuildInPrecompile, Boolean throwIfNotFound, Boolean ensureIsUpToDate)
   場所 System.Web.Compilation.BuildManager.GetVPathBuildResultWithNoAssert(HttpContext context, VirtualPath virtualPath, Boolean noBuild, Boolean allowCrossApp, Boolean allowBuildInPrecompile, Boolean throwIfNotFound, Boolean ensureIsUpToDate)
   場所 System.Web.Compilation.BuildManager.GetVirtualPathObjectFactory(VirtualPath virtualPath, HttpContext context, Boolean allowCrossApp, Boolean throwIfNotFound)
   場所 System.Web.Compilation.BuildManager.CreateInstanceFromVirtualPath(VirtualPath virtualPath, Type requiredBaseType, HttpContext context, Boolean allowCrossApp)
   場所 System.Web.UI.PageHandlerFactory.GetHandlerHelper(HttpContext context, String requestType, VirtualPath virtualPath, String physicalPath)
   場所 System.Web.UI.PageHandlerFactory.GetHandler(HttpContext context, String requestType, String virtualPath, String path)
   場所 System.Web.HttpApplication.MaterializeHandlerExecutionStep.System.Web.HttpApplication.IExecutionStep.Execute()
   場所 System.Web.HttpApplication.ExecuteStep(IExecutionStep step, Boolean& completedSynchronously)

[error] 2016年7月20日17:09:20　/Form/Login.aspx   [127.0.0.1] [Mozilla/5.0 (Windows NT 10.0; WOW64; Trident/7.0; MASBJS; rv:11.0) like Gecko]
-> ファイル '/Form/Login.aspx' は存在しません。
   場所 System.Web.UI.Util.CheckVirtualFileExists(VirtualPath virtualPath)
   場所 System.Web.Compilation.BuildManager.GetVPathBuildResultInternal(VirtualPath virtualPath, Boolean noBuild, Boolean allowCrossApp, Boolean allowBuildInPrecompile, Boolean throwIfNotFound, Boolean ensureIsUpToDate)
   場所 System.Web.Compilation.BuildManager.GetVPathBuildResultWithNoAssert(HttpContext context, VirtualPath virtualPath, Boolean noBuild, Boolean allowCrossApp, Boolean allowBuildInPrecompile, Boolean throwIfNotFound, Boolean ensureIsUpToDate)
   場所 System.Web.Compilation.BuildManager.GetVirtualPathObjectFactory(VirtualPath virtualPath, HttpContext context, Boolean allowCrossApp, Boolean throwIfNotFound)
   場所 System.Web.Compilation.BuildManager.CreateInstanceFromVirtualPath(VirtualPath virtualPath, Type requiredBaseType, HttpContext context, Boolean allowCrossApp)
   場所 System.Web.UI.PageHandlerFactory.GetHandlerHelper(HttpContext context, String requestType, VirtualPath virtualPath, String physicalPath)
   場所 System.Web.UI.PageHandlerFactory.GetHandler(HttpContext context, String requestType, String virtualPath, String path)
   場所 System.Web.HttpApplication.MaterializeHandlerExecutionStep.System.Web.HttpApplication.IExecutionStep.Execute()
   場所 System.Web.HttpApplication.ExecuteStep(IExecutionStep step, Boolean& completedSynchronously)

[error] 2016年7月20日17:12:56　/Default.aspx   [127.0.0.1] [Mozilla/5.0 (Windows NT 10.0; WOW64; Trident/7.0; MASBJS; rv:11.0) like Gecko]
-> 種類 'System.Web.HttpUnhandledException' の例外がスローされました。
   場所 System.Web.UI.Page.HandleError(Exception e)
   場所 System.Web.UI.Page.ProcessRequestMain(Boolean includeStagesBeforeAsyncPoint, Boolean includeStagesAfterAsyncPoint)
   場所 System.Web.UI.Page.ProcessRequest(Boolean includeStagesBeforeAsyncPoint, Boolean includeStagesAfterAsyncPoint)
   場所 System.Web.UI.Page.ProcessRequest()
   場所 System.Web.UI.Page.ProcessRequestWithNoAssert(HttpContext context)
   場所 System.Web.UI.Page.ProcessRequest(HttpContext context)
   場所 ASP.default_aspx.ProcessRequest(HttpContext context) 場所 c:\Windows\Microsoft.NET\Framework\v4.0.30319\Temporary ASP.NET Files\vs\2644a7e1\5640a91f\App_Web_myvuer1d.2.cs:行 0
   場所 System.Web.HttpApplication.CallHandlerExecutionStep.System.Web.HttpApplication.IExecutionStep.Execute()
   場所 System.Web.HttpApplication.ExecuteStep(IExecutionStep step, Boolean& completedSynchronously)
-> ファイル C:\Users\ochiai\Desktop\WebSites(氏名)\WebSite1\App_Data\aspnetdb.mdf の自動的に名前が付けられたデータベースをアタッチできませんでした。同じ名前のデータベースが既に存在するか、指定されたファイルを開けないか、UNC 共有に配置されています。
   場所 System.Data.SqlClient.SqlInternalConnectionTds..ctor(DbConnectionPoolIdentity identity, SqlConnectionString connectionOptions, SqlCredential credential, Object providerInfo, String newPassword, SecureString newSecurePassword, Boolean redirectedUserInstance, SqlConnectionString userConnectionOptions, SessionData reconnectSessionData, DbConnectionPool pool, String accessToken, Boolean applyTransientFaultHandling)
   場所 System.Data.SqlClient.SqlConnectionFactory.CreateConnection(DbConnectionOptions options, DbConnectionPoolKey poolKey, Object poolGroupProviderInfo, DbConnectionPool pool, DbConnection owningConnection, DbConnectionOptions userOptions)
   場所 System.Data.ProviderBase.DbConnectionFactory.CreatePooledConnection(DbConnectionPool pool, DbConnection owningObject, DbConnectionOptions options, DbConnectionPoolKey poolKey, DbConnectionOptions userOptions)
   場所 System.Data.ProviderBase.DbConnectionPool.CreateObject(DbConnection owningObject, DbConnectionOptions userOptions, DbConnectionInternal oldConnection)
   場所 System.Data.ProviderBase.DbConnectionPool.UserCreateRequest(DbConnection owningObject, DbConnectionOptions userOptions, DbConnectionInternal oldConnection)
   場所 System.Data.ProviderBase.DbConnectionPool.TryGetConnection(DbConnection owningObject, UInt32 waitForMultipleObjectsTimeout, Boolean allowCreate, Boolean onlyOneCheckConnection, DbConnectionOptions userOptions, DbConnectionInternal& connection)
   場所 System.Data.ProviderBase.DbConnectionPool.TryGetConnection(DbConnection owningObject, TaskCompletionSource`1 retry, DbConnectionOptions userOptions, DbConnectionInternal& connection)
   場所 System.Data.ProviderBase.DbConnectionFactory.TryGetConnection(DbConnection owningConnection, TaskCompletionSource`1 retry, DbConnectionOptions userOptions, DbConnectionInternal oldConnection, DbConnectionInternal& connection)
   場所 System.Data.ProviderBase.DbConnectionInternal.TryOpenConnectionInternal(DbConnection outerConnection, DbConnectionFactory connectionFactory, TaskCompletionSource`1 retry, DbConnectionOptions userOptions)
   場所 System.Data.ProviderBase.DbConnectionClosed.TryOpenConnection(DbConnection outerConnection, DbConnectionFactory connectionFactory, TaskCompletionSource`1 retry, DbConnectionOptions userOptions)
   場所 System.Data.SqlClient.SqlConnection.TryOpenInner(TaskCompletionSource`1 retry)
   場所 System.Data.SqlClient.SqlConnection.TryOpen(TaskCompletionSource`1 retry)
   場所 System.Data.SqlClient.SqlConnection.Open()
   場所 w2.Common.Sql.SqlAccessor.OpenConnection() 場所 c:\Users\ochiai\Documents\Visual Studio 2012\WebSites\w2.Common\Sql\SqlAccessor.cs:行 90
   場所 w2.Common.Sql.SqlStatement.SelectStatementWithOC(SqlAccessor sqlAccessor, IDictionary input) 場所 c:\Users\ochiai\Documents\Visual Studio 2012\WebSites\w2.Common\Sql\SqlStatement.cs:行 325
   場所 w2.Common.Sql.SqlStatement.SelectSingleStatementWithOC(SqlAccessor sqlAccessor, IDictionary input) 場所 c:\Users\ochiai\Documents\Visual Studio 2012\WebSites\w2.Common\Sql\SqlStatement.cs:行 314
   場所 _Default.Get(String id) 場所 c:\Users\ochiai\Desktop\WebSites(氏名)\WebSite1\Default.aspx.cs:行 67
   場所 _Default.btnDisp_Click(Object sender, EventArgs e) 場所 c:\Users\ochiai\Desktop\WebSites(氏名)\WebSite1\Default.aspx.cs:行 40
   場所 System.Web.UI.WebControls.Button.OnClick(EventArgs e)
   場所 System.Web.UI.WebControls.Button.RaisePostBackEvent(String eventArgument)
   場所 System.Web.UI.WebControls.Button.System.Web.UI.IPostBackEventHandler.RaisePostBackEvent(String eventArgument)
   場所 System.Web.UI.Page.RaisePostBackEvent(IPostBackEventHandler sourceControl, String eventArgument)
   場所 System.Web.UI.Page.RaisePostBackEvent(NameValueCollection postData)
   場所 System.Web.UI.Page.ProcessRequestMain(Boolean includeStagesBeforeAsyncPoint, Boolean includeStagesAfterAsyncPoint)

[error] 2016年7月20日17:13:29　/Default.aspx   [127.0.0.1] [Mozilla/5.0 (Windows NT 10.0; WOW64; Trident/7.0; MASBJS; rv:11.0) like Gecko]
-> 種類 'System.Web.HttpUnhandledException' の例外がスローされました。
   場所 System.Web.UI.Page.HandleError(Exception e)
   場所 System.Web.UI.Page.ProcessRequestMain(Boolean includeStagesBeforeAsyncPoint, Boolean includeStagesAfterAsyncPoint)
   場所 System.Web.UI.Page.ProcessRequest(Boolean includeStagesBeforeAsyncPoint, Boolean includeStagesAfterAsyncPoint)
   場所 System.Web.UI.Page.ProcessRequest()
   場所 System.Web.UI.Page.ProcessRequestWithNoAssert(HttpContext context)
   場所 System.Web.UI.Page.ProcessRequest(HttpContext context)
   場所 ASP.default_aspx.ProcessRequest(HttpContext context) 場所 c:\Windows\Microsoft.NET\Framework\v4.0.30319\Temporary ASP.NET Files\vs\2644a7e1\5640a91f\App_Web_myvuer1d.2.cs:行 0
   場所 System.Web.HttpApplication.CallHandlerExecutionStep.System.Web.HttpApplication.IExecutionStep.Execute()
   場所 System.Web.HttpApplication.ExecuteStep(IExecutionStep step, Boolean& completedSynchronously)
-> ファイル C:\Users\ochiai\Desktop\WebSites(氏名)\WebSite1\App_Data\aspnetdb.mdf の自動的に名前が付けられたデータベースをアタッチできませんでした。同じ名前のデータベースが既に存在するか、指定されたファイルを開けないか、UNC 共有に配置されています。
   場所 System.Data.SqlClient.SqlInternalConnectionTds..ctor(DbConnectionPoolIdentity identity, SqlConnectionString connectionOptions, SqlCredential credential, Object providerInfo, String newPassword, SecureString newSecurePassword, Boolean redirectedUserInstance, SqlConnectionString userConnectionOptions, SessionData reconnectSessionData, DbConnectionPool pool, String accessToken, Boolean applyTransientFaultHandling)
   場所 System.Data.SqlClient.SqlConnectionFactory.CreateConnection(DbConnectionOptions options, DbConnectionPoolKey poolKey, Object poolGroupProviderInfo, DbConnectionPool pool, DbConnection owningConnection, DbConnectionOptions userOptions)
   場所 System.Data.ProviderBase.DbConnectionFactory.CreatePooledConnection(DbConnectionPool pool, DbConnection owningObject, DbConnectionOptions options, DbConnectionPoolKey poolKey, DbConnectionOptions userOptions)
   場所 System.Data.ProviderBase.DbConnectionPool.CreateObject(DbConnection owningObject, DbConnectionOptions userOptions, DbConnectionInternal oldConnection)
   場所 System.Data.ProviderBase.DbConnectionPool.UserCreateRequest(DbConnection owningObject, DbConnectionOptions userOptions, DbConnectionInternal oldConnection)
   場所 System.Data.ProviderBase.DbConnectionPool.TryGetConnection(DbConnection owningObject, UInt32 waitForMultipleObjectsTimeout, Boolean allowCreate, Boolean onlyOneCheckConnection, DbConnectionOptions userOptions, DbConnectionInternal& connection)
   場所 System.Data.ProviderBase.DbConnectionPool.TryGetConnection(DbConnection owningObject, TaskCompletionSource`1 retry, DbConnectionOptions userOptions, DbConnectionInternal& connection)
   場所 System.Data.ProviderBase.DbConnectionFactory.TryGetConnection(DbConnection owningConnection, TaskCompletionSource`1 retry, DbConnectionOptions userOptions, DbConnectionInternal oldConnection, DbConnectionInternal& connection)
   場所 System.Data.ProviderBase.DbConnectionInternal.TryOpenConnectionInternal(DbConnection outerConnection, DbConnectionFactory connectionFactory, TaskCompletionSource`1 retry, DbConnectionOptions userOptions)
   場所 System.Data.ProviderBase.DbConnectionClosed.TryOpenConnection(DbConnection outerConnection, DbConnectionFactory connectionFactory, TaskCompletionSource`1 retry, DbConnectionOptions userOptions)
   場所 System.Data.SqlClient.SqlConnection.TryOpenInner(TaskCompletionSource`1 retry)
   場所 System.Data.SqlClient.SqlConnection.TryOpen(TaskCompletionSource`1 retry)
   場所 System.Data.SqlClient.SqlConnection.Open()
   場所 w2.Common.Sql.SqlAccessor.OpenConnection() 場所 c:\Users\ochiai\Documents\Visual Studio 2012\WebSites\w2.Common\Sql\SqlAccessor.cs:行 90
   場所 w2.Common.Sql.SqlStatement.SelectStatementWithOC(SqlAccessor sqlAccessor, IDictionary input) 場所 c:\Users\ochiai\Documents\Visual Studio 2012\WebSites\w2.Common\Sql\SqlStatement.cs:行 325
   場所 w2.Common.Sql.SqlStatement.SelectSingleStatementWithOC(SqlAccessor sqlAccessor, IDictionary input) 場所 c:\Users\ochiai\Documents\Visual Studio 2012\WebSites\w2.Common\Sql\SqlStatement.cs:行 314
   場所 _Default.Get(String id) 場所 c:\Users\ochiai\Desktop\WebSites(氏名)\WebSite1\Default.aspx.cs:行 67
   場所 _Default.btnDisp_Click(Object sender, EventArgs e) 場所 c:\Users\ochiai\Desktop\WebSites(氏名)\WebSite1\Default.aspx.cs:行 40
   場所 System.Web.UI.WebControls.Button.OnClick(EventArgs e)
   場所 System.Web.UI.WebControls.Button.RaisePostBackEvent(String eventArgument)
   場所 System.Web.UI.WebControls.Button.System.Web.UI.IPostBackEventHandler.RaisePostBackEvent(String eventArgument)
   場所 System.Web.UI.Page.RaisePostBackEvent(IPostBackEventHandler sourceControl, String eventArgument)
   場所 System.Web.UI.Page.RaisePostBackEvent(NameValueCollection postData)
   場所 System.Web.UI.Page.ProcessRequestMain(Boolean includeStagesBeforeAsyncPoint, Boolean includeStagesAfterAsyncPoint)

[error] 2016年7月20日17:13:48　/Default.aspx   [127.0.0.1] [Mozilla/5.0 (Windows NT 10.0; WOW64; Trident/7.0; MASBJS; rv:11.0) like Gecko]
-> 種類 'System.Web.HttpUnhandledException' の例外がスローされました。
   場所 System.Web.UI.Page.HandleError(Exception e)
   場所 System.Web.UI.Page.ProcessRequestMain(Boolean includeStagesBeforeAsyncPoint, Boolean includeStagesAfterAsyncPoint)
   場所 System.Web.UI.Page.ProcessRequest(Boolean includeStagesBeforeAsyncPoint, Boolean includeStagesAfterAsyncPoint)
   場所 System.Web.UI.Page.ProcessRequest()
   場所 System.Web.UI.Page.ProcessRequestWithNoAssert(HttpContext context)
   場所 System.Web.UI.Page.ProcessRequest(HttpContext context)
   場所 ASP.default_aspx.ProcessRequest(HttpContext context) 場所 c:\Windows\Microsoft.NET\Framework\v4.0.30319\Temporary ASP.NET Files\vs\2644a7e1\5640a91f\App_Web_myvuer1d.2.cs:行 0
   場所 System.Web.HttpApplication.CallHandlerExecutionStep.System.Web.HttpApplication.IExecutionStep.Execute()
   場所 System.Web.HttpApplication.ExecuteStep(IExecutionStep step, Boolean& completedSynchronously)
-> ファイル C:\Users\ochiai\Desktop\WebSites(氏名)\WebSite1\App_Data\aspnetdb.mdf の自動的に名前が付けられたデータベースをアタッチできませんでした。同じ名前のデータベースが既に存在するか、指定されたファイルを開けないか、UNC 共有に配置されています。
   場所 System.Data.SqlClient.SqlInternalConnectionTds..ctor(DbConnectionPoolIdentity identity, SqlConnectionString connectionOptions, SqlCredential credential, Object providerInfo, String newPassword, SecureString newSecurePassword, Boolean redirectedUserInstance, SqlConnectionString userConnectionOptions, SessionData reconnectSessionData, DbConnectionPool pool, String accessToken, Boolean applyTransientFaultHandling)
   場所 System.Data.SqlClient.SqlConnectionFactory.CreateConnection(DbConnectionOptions options, DbConnectionPoolKey poolKey, Object poolGroupProviderInfo, DbConnectionPool pool, DbConnection owningConnection, DbConnectionOptions userOptions)
   場所 System.Data.ProviderBase.DbConnectionFactory.CreatePooledConnection(DbConnectionPool pool, DbConnection owningObject, DbConnectionOptions options, DbConnectionPoolKey poolKey, DbConnectionOptions userOptions)
   場所 System.Data.ProviderBase.DbConnectionPool.CreateObject(DbConnection owningObject, DbConnectionOptions userOptions, DbConnectionInternal oldConnection)
   場所 System.Data.ProviderBase.DbConnectionPool.UserCreateRequest(DbConnection owningObject, DbConnectionOptions userOptions, DbConnectionInternal oldConnection)
   場所 System.Data.ProviderBase.DbConnectionPool.TryGetConnection(DbConnection owningObject, UInt32 waitForMultipleObjectsTimeout, Boolean allowCreate, Boolean onlyOneCheckConnection, DbConnectionOptions userOptions, DbConnectionInternal& connection)
   場所 System.Data.ProviderBase.DbConnectionPool.TryGetConnection(DbConnection owningObject, TaskCompletionSource`1 retry, DbConnectionOptions userOptions, DbConnectionInternal& connection)
   場所 System.Data.ProviderBase.DbConnectionFactory.TryGetConnection(DbConnection owningConnection, TaskCompletionSource`1 retry, DbConnectionOptions userOptions, DbConnectionInternal oldConnection, DbConnectionInternal& connection)
   場所 System.Data.ProviderBase.DbConnectionInternal.TryOpenConnectionInternal(DbConnection outerConnection, DbConnectionFactory connectionFactory, TaskCompletionSource`1 retry, DbConnectionOptions userOptions)
   場所 System.Data.ProviderBase.DbConnectionClosed.TryOpenConnection(DbConnection outerConnection, DbConnectionFactory connectionFactory, TaskCompletionSource`1 retry, DbConnectionOptions userOptions)
   場所 System.Data.SqlClient.SqlConnection.TryOpenInner(TaskCompletionSource`1 retry)
   場所 System.Data.SqlClient.SqlConnection.TryOpen(TaskCompletionSource`1 retry)
   場所 System.Data.SqlClient.SqlConnection.Open()
   場所 w2.Common.Sql.SqlAccessor.OpenConnection() 場所 c:\Users\ochiai\Documents\Visual Studio 2012\WebSites\w2.Common\Sql\SqlAccessor.cs:行 90
   場所 w2.Common.Sql.SqlStatement.SelectStatementWithOC(SqlAccessor sqlAccessor, IDictionary input) 場所 c:\Users\ochiai\Documents\Visual Studio 2012\WebSites\w2.Common\Sql\SqlStatement.cs:行 325
   場所 w2.Common.Sql.SqlStatement.SelectSingleStatementWithOC(SqlAccessor sqlAccessor, IDictionary input) 場所 c:\Users\ochiai\Documents\Visual Studio 2012\WebSites\w2.Common\Sql\SqlStatement.cs:行 314
   場所 _Default.Get(String id) 場所 c:\Users\ochiai\Desktop\WebSites(氏名)\WebSite1\Default.aspx.cs:行 67
   場所 _Default.btnDisp_Click(Object sender, EventArgs e) 場所 c:\Users\ochiai\Desktop\WebSites(氏名)\WebSite1\Default.aspx.cs:行 40
   場所 System.Web.UI.WebControls.Button.OnClick(EventArgs e)
   場所 System.Web.UI.WebControls.Button.RaisePostBackEvent(String eventArgument)
   場所 System.Web.UI.WebControls.Button.System.Web.UI.IPostBackEventHandler.RaisePostBackEvent(String eventArgument)
   場所 System.Web.UI.Page.RaisePostBackEvent(IPostBackEventHandler sourceControl, String eventArgument)
   場所 System.Web.UI.Page.RaisePostBackEvent(NameValueCollection postData)
   場所 System.Web.UI.Page.ProcessRequestMain(Boolean includeStagesBeforeAsyncPoint, Boolean includeStagesAfterAsyncPoint)

